2024-09-11T15:43:51.224+01:00  INFO 12780 --- [qxla-redact] [main] c.q.redact.QxlaRedactApplicationTests    : Starting QxlaRedactApplicationTests using Java 22.0.1 with PID 12780 (started by janeajayi in /Users/janeajayi/IdeaProjects/HHA-QXLA/qxla-redact)
2024-09-11T15:43:51.227+01:00  INFO 12780 --- [qxla-redact] [main] c.q.redact.QxlaRedactApplicationTests    : No active profile set, falling back to 1 default profile: "default"
2024-09-11T15:43:54.506+01:00  INFO 12780 --- [qxla-redact] [main] c.q.redact.QxlaRedactApplicationTests    : Started QxlaRedactApplicationTests in 4.546 seconds (process running for 8.951)
2024-09-11T15:43:57.132+01:00  INFO 12780 --- [qxla-redact] [main] t.c.s.AnnotationConfigContextLoaderUtils : Could not detect default configuration classes for test class [com.qxla.redact.controller.RedactionControllerTest]: RedactionControllerTest does not declare any static, non-private, non-final, nested classes annotated with @Configuration.
2024-09-11T15:43:57.151+01:00  INFO 12780 --- [qxla-redact] [main] .b.t.c.SpringBootTestContextBootstrapper : Found @SpringBootConfiguration com.qxla.redact.QxlaRedactApplication for test class com.qxla.redact.controller.RedactionControllerTest
2024-09-11T15:43:57.177+01:00  INFO 12780 --- [qxla-redact] [main] o.s.b.d.r.RestartApplicationListener     : Restart disabled due to context in which it is running
2024-09-11T15:43:57.443+01:00  INFO 12780 --- [qxla-redact] [main] c.q.r.c.RedactionControllerTest          : Starting RedactionControllerTest using Java 22.0.1 with PID 12780 (started by janeajayi in /Users/janeajayi/IdeaProjects/HHA-QXLA/qxla-redact)
2024-09-11T15:43:57.446+01:00  INFO 12780 --- [qxla-redact] [main] c.q.r.c.RedactionControllerTest          : No active profile set, falling back to 1 default profile: "default"
2024-09-11T15:43:58.364+01:00  INFO 12780 --- [qxla-redact] [main] o.s.b.w.embedded.tomcat.TomcatWebServer  : Tomcat initialized with port 0 (http)
2024-09-11T15:43:58.409+01:00  INFO 12780 --- [qxla-redact] [main] o.apache.catalina.core.StandardService   : Starting service [Tomcat]
2024-09-11T15:43:58.411+01:00  INFO 12780 --- [qxla-redact] [main] o.apache.catalina.core.StandardEngine    : Starting Servlet engine: [Apache Tomcat/10.1.28]
2024-09-11T15:43:58.579+01:00  INFO 12780 --- [qxla-redact] [main] o.a.c.c.C.[Tomcat].[localhost].[/]       : Initializing Spring embedded WebApplicationContext
2024-09-11T15:43:58.581+01:00  INFO 12780 --- [qxla-redact] [main] w.s.c.ServletWebServerApplicationContext : Root WebApplicationContext: initialization completed in 1119 ms
2024-09-11T15:43:59.111+01:00  INFO 12780 --- [qxla-redact] [main] o.s.b.w.embedded.tomcat.TomcatWebServer  : Tomcat started on port 63510 (http) with context path '/'
2024-09-11T15:43:59.117+01:00  INFO 12780 --- [qxla-redact] [main] c.q.r.c.RedactionControllerTest          : Started RedactionControllerTest in 1.94 seconds (process running for 13.563)
2024-09-11T15:43:59.315+01:00  INFO 12780 --- [qxla-redact] [http-nio-auto-1-exec-1] o.a.c.c.C.[Tomcat].[localhost].[/]       : Initializing Spring DispatcherServlet 'dispatcherServlet'
2024-09-11T15:43:59.316+01:00  INFO 12780 --- [qxla-redact] [http-nio-auto-1-exec-1] o.s.web.servlet.DispatcherServlet        : Initializing Servlet 'dispatcherServlet'
2024-09-11T15:43:59.318+01:00  INFO 12780 --- [qxla-redact] [http-nio-auto-1-exec-1] o.s.web.servlet.DispatcherServlet        : Completed initialization in 1 ms
2024-09-11T15:43:59.371+01:00  INFO 12780 --- [qxla-redact] [http-nio-auto-1-exec-1] c.q.r.controller.RedactionController     : Get request to /redact...
2024-09-11T15:43:59.464+01:00  INFO 12780 --- [qxla-redact] [http-nio-auto-1-exec-2] c.q.r.controller.RedactionController     : Post request to /redact with text: A dog, a monkey or a dolphin are all mammals. 
A snake, however, is not a mammal, it is a reptile. 
Who can say what a DogSnake is?
2024-09-11T15:43:59.477+01:00  INFO 12780 --- [qxla-redact] [main] t.c.s.AnnotationConfigContextLoaderUtils : Could not detect default configuration classes for test class [com.qxla.redact.service.RedactionServiceTest]: RedactionServiceTest does not declare any static, non-private, non-final, nested classes annotated with @Configuration.
2024-09-11T15:43:59.492+01:00  INFO 12780 --- [qxla-redact] [main] .b.t.c.SpringBootTestContextBootstrapper : Found @SpringBootConfiguration com.qxla.redact.QxlaRedactApplication for test class com.qxla.redact.service.RedactionServiceTest
2024-09-11T15:43:59.507+01:00  INFO 12780 --- [qxla-redact] [main] o.s.b.d.r.RestartApplicationListener     : Restart disabled due to context in which it is running
2024-09-11T15:43:59.546+01:00  INFO 12780 --- [qxla-redact] [main] c.q.redact.service.RedactionServiceTest  : Starting RedactionServiceTest using Java 22.0.1 with PID 12780 (started by janeajayi in /Users/janeajayi/IdeaProjects/HHA-QXLA/qxla-redact)
2024-09-11T15:43:59.547+01:00  INFO 12780 --- [qxla-redact] [main] c.q.redact.service.RedactionServiceTest  : No active profile set, falling back to 1 default profile: "default"
2024-09-11T15:44:00.130+01:00  INFO 12780 --- [qxla-redact] [main] c.q.redact.service.RedactionServiceTest  : Started RedactionServiceTest in 0.623 seconds (process running for 14.575)
